<?xml version="1.0" encoding="UTF-8"?>
<testng-results ignored="0" total="1" passed="1" failed="0" skipped="0">
  <reporter-output>
  </reporter-output>
  <suite started-at="2023-09-08T04:22:36 PDT" name="Default suite" finished-at="2023-09-08T04:22:39 PDT" duration-ms="3301">
    <groups>
    </groups>
    <test started-at="2023-09-08T04:22:36 PDT" name="Default test" finished-at="2023-09-08T04:22:39 PDT" duration-ms="3301">
      <class name="Authorizationclass">
        <test-method signature="testapikey()[pri:0, instance:Authorizationclass@4f2b503c]" started-at="2023-09-08T04:22:36 PDT" name="testapikey" finished-at="2023-09-08T04:22:39 PDT" duration-ms="3206" status="PASS">
          <reporter-output>
          </reporter-output>
        </test-method> <!-- testapikey -->
      </class> <!-- Authorizationclass -->
    </test> <!-- Default test -->
  </suite> <!-- Default suite -->
</testng-results>
